<?xml version="1.0" encoding="UTF-8"?>
<!-- Generated by org.testng.reporters.JUnitXMLReporter -->
<testsuite ignored="0" hostname="Harish" failures="1" tests="6" name="Test" time="74.128" errors="0" timestamp="2021-09-08T17:46:53 IST">
  <testcase classname="com.amazon.runner.DataDrivenSearchAmazon" name="SearchAmazon" time="20.749"/>
  <testcase classname="com.amazon.runner.DataDrivenSearchAmazon" name="SearchAmazon" time="13.504"/>
  <testcase classname="com.amazon.runner.DataDrivenSearchAmazon" name="SearchAmazon" time="12.983"/>
  <testcase classname="com.amazon.runner.DataDrivenSearchAmazon" name="SearchAmazon" time="11.419"/>
  <testcase classname="com.amazon.runner.TestRunner" name="SearchAmazon" time="8.922"/>
  <testcase classname="com.amazon.runner.TestRunner" name="checkTitle" time="0.089">
    <failure type="java.lang.AssertionError" message="expected [Amazon.in : iphone11] but found [Amazon.in : iphone xr]">
      <![CDATA[java.lang.AssertionError: expected [Amazon.in : iphone11] but found [Amazon.in : iphone xr]
at com.amazon.runner.TestRunner.checkTitle(TestRunner.java:35)
at java.base/java.util.ArrayList.forEach(ArrayList.java:1541)
... Removed 33 stack frames]]>
    </failure>
  </testcase> <!-- checkTitle -->
</testsuite> <!-- Test -->
