<?xml version="1.0" encoding="UTF-8"?>
<!-- Generated by org.testng.reporters.JUnitXMLReporter -->
<testsuite ignored="0" hostname="Harish" failures="1" tests="6" name="Test" time="73.388" errors="0" timestamp="2021-09-08T20:35:53 IST">
  <testcase classname="com.amazon.runner.DataDrivenSearchAmazon" name="SearchAmazon" time="12.201"/>
  <testcase classname="com.amazon.runner.DataDrivenSearchAmazon" name="SearchAmazon" time="16.445"/>
  <testcase classname="com.amazon.runner.DataDrivenSearchAmazon" name="SearchAmazon" time="10.36"/>
  <testcase classname="com.amazon.runner.DataDrivenSearchAmazon" name="SearchAmazon" time="10.927"/>
  <testcase classname="com.amazon.runner.TestRunner" name="SearchAmazon" time="9.232"/>
  <testcase classname="com.amazon.runner.TestRunner" name="checkTitle" time="0.134">
    <failure type="java.lang.AssertionError" message="expected [Amazon.in : iphone11] but found [Amazon.in : iphone 11]">
      <![CDATA[java.lang.AssertionError: expected [Amazon.in : iphone11] but found [Amazon.in : iphone 11]
at com.amazon.runner.TestRunner.checkTitle(TestRunner.java:35)
at java.base/java.util.ArrayList.forEach(ArrayList.java:1541)
... Removed 37 stack frames]]>
    </failure>
  </testcase> <!-- checkTitle -->
</testsuite> <!-- Test -->
