<?xml version="1.0" encoding="UTF-8"?>
<testng-results ignored="0" total="6" passed="5" failed="1" skipped="0">
  <reporter-output>
  </reporter-output>
  <suite started-at="2021-09-08T20:34:39 IST" name="Suite" finished-at="2021-09-08T20:35:53 IST" duration-ms="73388">
    <groups>
    </groups>
    <test started-at="2021-09-08T20:34:39 IST" name="Test" finished-at="2021-09-08T20:35:53 IST" duration-ms="73388">
      <class name="com.amazon.runner.DataDrivenSearchAmazon">
        <test-method signature="SearchAmazon(java.lang.String)[pri:0, instance:com.amazon.runner.DataDrivenSearchAmazon@7a419da4]" started-at="2021-09-08T20:34:40 IST" name="SearchAmazon" data-provider="datas" finished-at="2021-09-08T20:34:52 IST" duration-ms="12201" status="PASS">
          <params>
            <param index="0">
              <value>
                <![CDATA[iphone 10]]>
              </value>
            </param>
          </params>
          <reporter-output>
          </reporter-output>
        </test-method> <!-- SearchAmazon -->
        <test-method is-config="true" signature="closeDriverM()[pri:0, instance:com.amazon.runner.DataDrivenSearchAmazon@7a419da4]" started-at="2021-09-08T20:34:52 IST" name="closeDriverM" finished-at="2021-09-08T20:34:56 IST" duration-ms="4206" status="PASS">
          <reporter-output>
          </reporter-output>
        </test-method> <!-- closeDriverM -->
        <test-method signature="SearchAmazon(java.lang.String)[pri:0, instance:com.amazon.runner.DataDrivenSearchAmazon@7a419da4]" started-at="2021-09-08T20:34:56 IST" name="SearchAmazon" data-provider="datas" finished-at="2021-09-08T20:35:13 IST" duration-ms="16445" status="PASS">
          <params>
            <param index="0">
              <value>
                <![CDATA[Samsung bud]]>
              </value>
            </param>
          </params>
          <reporter-output>
          </reporter-output>
        </test-method> <!-- SearchAmazon -->
        <test-method is-config="true" signature="closeDriverM()[pri:0, instance:com.amazon.runner.DataDrivenSearchAmazon@7a419da4]" started-at="2021-09-08T20:35:13 IST" name="closeDriverM" finished-at="2021-09-08T20:35:13 IST" duration-ms="277" status="PASS">
          <reporter-output>
          </reporter-output>
        </test-method> <!-- closeDriverM -->
        <test-method signature="SearchAmazon(java.lang.String)[pri:0, instance:com.amazon.runner.DataDrivenSearchAmazon@7a419da4]" started-at="2021-09-08T20:35:13 IST" name="SearchAmazon" data-provider="datas" finished-at="2021-09-08T20:35:23 IST" duration-ms="10360" status="PASS">
          <params>
            <param index="0">
              <value>
                <![CDATA[nokia]]>
              </value>
            </param>
          </params>
          <reporter-output>
          </reporter-output>
        </test-method> <!-- SearchAmazon -->
        <test-method is-config="true" signature="closeDriverM()[pri:0, instance:com.amazon.runner.DataDrivenSearchAmazon@7a419da4]" started-at="2021-09-08T20:35:23 IST" name="closeDriverM" finished-at="2021-09-08T20:35:28 IST" duration-ms="4202" status="PASS">
          <reporter-output>
          </reporter-output>
        </test-method> <!-- closeDriverM -->
        <test-method signature="SearchAmazon(java.lang.String)[pri:0, instance:com.amazon.runner.DataDrivenSearchAmazon@7a419da4]" started-at="2021-09-08T20:35:28 IST" name="SearchAmazon" data-provider="datas" finished-at="2021-09-08T20:35:39 IST" duration-ms="10927" status="PASS">
          <params>
            <param index="0">
              <value>
                <![CDATA[Pc]]>
              </value>
            </param>
          </params>
          <reporter-output>
          </reporter-output>
        </test-method> <!-- SearchAmazon -->
        <test-method is-config="true" signature="closeDriverM()[pri:0, instance:com.amazon.runner.DataDrivenSearchAmazon@7a419da4]" started-at="2021-09-08T20:35:39 IST" name="closeDriverM" finished-at="2021-09-08T20:35:39 IST" duration-ms="305" status="PASS">
          <reporter-output>
          </reporter-output>
        </test-method> <!-- closeDriverM -->
      </class> <!-- com.amazon.runner.DataDrivenSearchAmazon -->
      <class name="com.amazon.runner.TestRunner">
        <test-method signature="SearchAmazon()[pri:0, instance:com.amazon.runner.TestRunner@614ca7df]" started-at="2021-09-08T20:35:39 IST" name="SearchAmazon" finished-at="2021-09-08T20:35:48 IST" duration-ms="9232" status="PASS">
          <reporter-output>
          </reporter-output>
        </test-method> <!-- SearchAmazon -->
        <test-method signature="checkTitle()[pri:0, instance:com.amazon.runner.TestRunner@614ca7df]" started-at="2021-09-08T20:35:48 IST" name="checkTitle" finished-at="2021-09-08T20:35:48 IST" duration-ms="134" status="FAIL">
          <exception class="java.lang.AssertionError">
            <message>
              <![CDATA[expected [Amazon.in : iphone11] but found [Amazon.in : iphone 11]]]>
            </message>
            <full-stacktrace>
              <![CDATA[java.lang.AssertionError: expected [Amazon.in : iphone11] but found [Amazon.in : iphone 11]
at org.testng.Assert.fail(Assert.java:99)
at org.testng.Assert.failNotEquals(Assert.java:1037)
at org.testng.Assert.assertEqualsImpl(Assert.java:140)
at org.testng.Assert.assertEquals(Assert.java:122)
at org.testng.Assert.assertEquals(Assert.java:629)
at org.testng.Assert.assertEquals(Assert.java:639)
at com.amazon.runner.TestRunner.checkTitle(TestRunner.java:35)
at java.base/jdk.internal.reflect.NativeMethodAccessorImpl.invoke0(Native Method)
at java.base/jdk.internal.reflect.NativeMethodAccessorImpl.invoke(NativeMethodAccessorImpl.java:62)
at java.base/jdk.internal.reflect.DelegatingMethodAccessorImpl.invoke(DelegatingMethodAccessorImpl.java:43)
at java.base/java.lang.reflect.Method.invoke(Method.java:566)
at org.testng.internal.MethodInvocationHelper.invokeMethod(MethodInvocationHelper.java:133)
at org.testng.internal.TestInvoker.invokeMethod(TestInvoker.java:598)
at org.testng.internal.TestInvoker.invokeTestMethod(TestInvoker.java:173)
at org.testng.internal.MethodRunner.runInSequence(MethodRunner.java:46)
at org.testng.internal.TestInvoker$MethodInvocationAgent.invoke(TestInvoker.java:824)
at org.testng.internal.TestInvoker.invokeTestMethods(TestInvoker.java:146)
at org.testng.internal.TestMethodWorker.invokeTestMethods(TestMethodWorker.java:146)
at org.testng.internal.TestMethodWorker.run(TestMethodWorker.java:128)
at java.base/java.util.ArrayList.forEach(ArrayList.java:1541)
at org.testng.TestRunner.privateRun(TestRunner.java:794)
at org.testng.TestRunner.run(TestRunner.java:596)
at org.testng.SuiteRunner.runTest(SuiteRunner.java:377)
at org.testng.SuiteRunner.runSequentially(SuiteRunner.java:371)
at org.testng.SuiteRunner.privateRun(SuiteRunner.java:332)
at org.testng.SuiteRunner.run(SuiteRunner.java:276)
at org.testng.SuiteRunnerWorker.runSuite(SuiteRunnerWorker.java:53)
at org.testng.SuiteRunnerWorker.run(SuiteRunnerWorker.java:96)
at org.testng.TestNG.runSuitesSequentially(TestNG.java:1212)
at org.testng.TestNG.runSuitesLocally(TestNG.java:1134)
at org.testng.TestNG.runSuites(TestNG.java:1063)
at org.testng.TestNG.run(TestNG.java:1031)
at org.apache.maven.surefire.testng.TestNGExecutor.run(TestNGExecutor.java:284)
at org.apache.maven.surefire.testng.TestNGXmlTestSuite.execute(TestNGXmlTestSuite.java:75)
at org.apache.maven.surefire.testng.TestNGProvider.invoke(TestNGProvider.java:119)
at org.apache.maven.surefire.booter.ForkedBooter.runSuitesInProcess(ForkedBooter.java:428)
at org.apache.maven.surefire.booter.ForkedBooter.execute(ForkedBooter.java:162)
at org.apache.maven.surefire.booter.ForkedBooter.run(ForkedBooter.java:562)
at org.apache.maven.surefire.booter.ForkedBooter.main(ForkedBooter.java:548)
]]>
            </full-stacktrace>
          </exception> <!-- java.lang.AssertionError -->
          <reporter-output>
          </reporter-output>
        </test-method> <!-- checkTitle -->
        <test-method is-config="true" signature="closeDriver()[pri:0, instance:com.amazon.runner.TestRunner@614ca7df]" started-at="2021-09-08T20:35:48 IST" name="closeDriver" finished-at="2021-09-08T20:35:53 IST" duration-ms="4145" status="PASS">
          <reporter-output>
          </reporter-output>
        </test-method> <!-- closeDriver -->
      </class> <!-- com.amazon.runner.TestRunner -->
    </test> <!-- Test -->
  </suite> <!-- Suite -->
</testng-results>
